2024-08-31 09:09:54 info: [ Database ]: Database (nexus) creating...
2024-08-31 09:09:54 warn: [ Database ]: Database already exists. (nexus)
2024-08-31 09:09:55 info: [ Database ]: Updating database...
2024-08-31 09:09:55 info: [ Loaded ]: Database config
2024-08-31 09:09:55 info: [ Loaded ]: Express config
2024-08-31 09:09:55 info: [ Server ]: Server is started on 5006 port
2024-08-31 11:24:32 info: [ Database ]: Database (nexus) creating...
2024-08-31 11:24:32 warn: [ Database ]: Database already exists. (nexus)
2024-08-31 11:24:32 info: [ Database ]: Updating database...
2024-08-31 11:24:32 info: [ Loaded ]: Database config
2024-08-31 11:24:32 info: [ Loaded ]: Express config
2024-08-31 11:24:32 info: [ Server ]: Server is started on 5006 port
2024-08-31 11:24:33 info: [ Database ]: Database (nexus) creating...
2024-08-31 11:24:33 warn: [ Database ]: Database already exists. (nexus)
2024-08-31 11:24:34 info: [ Database ]: Updating database...
2024-08-31 11:24:34 info: [ Loaded ]: Database config
2024-08-31 11:24:37 info: [ Database ]: Database (nexus) creating...
2024-08-31 11:24:37 warn: [ Database ]: Database already exists. (nexus)
2024-08-31 11:24:37 info: [ Database ]: Updating database...
2024-08-31 11:24:37 info: [ Loaded ]: Database config
2024-08-31 11:24:38 info: [ Loaded ]: Express config
2024-08-31 11:24:38 info: [ Server ]: Server is started on 5006 port
2024-08-31 11:24:40 info: [ Database ]: Database (nexus) creating...
2024-08-31 11:24:40 warn: [ Database ]: Database already exists. (nexus)
2024-08-31 11:24:40 info: [ Database ]: Updating database...
2024-08-31 11:24:40 info: [ Loaded ]: Database config
2024-08-31 11:24:41 info: [ Loaded ]: Express config
2024-08-31 11:24:41 info: [ Server ]: Server is started on 5006 port
2024-08-31 11:24:43 info: [ Database ]: Database (nexus) creating...
2024-08-31 11:24:43 warn: [ Database ]: Database already exists. (nexus)
2024-08-31 11:24:43 info: [ Database ]: Updating database...
2024-08-31 11:24:43 info: [ Loaded ]: Database config
2024-08-31 11:24:43 info: [ Loaded ]: Express config
2024-08-31 11:24:43 info: [ Server ]: Server is started on 5006 port
2024-08-31 11:24:49 info: [ Database ]: Database (nexus) creating...
2024-08-31 11:24:49 warn: [ Database ]: Database already exists. (nexus)
2024-08-31 11:24:49 info: [ Database ]: Updating database...
2024-08-31 11:24:49 info: [ Loaded ]: Database config
2024-08-31 11:24:49 info: [ Loaded ]: Express config
2024-08-31 11:24:49 info: [ Server ]: Server is started on 5006 port
2024-08-31 11:24:54 info: [ Database ]: Database (nexus) creating...
2024-08-31 11:24:54 warn: [ Database ]: Database already exists. (nexus)
2024-08-31 11:24:54 info: [ Database ]: Updating database...
2024-08-31 11:24:54 info: [ Loaded ]: Database config
2024-08-31 11:24:54 info: [ Loaded ]: Express config
2024-08-31 11:24:54 info: [ Server ]: Server is started on 5006 port
2024-08-31 11:25:02 info: [ Database ]: Database (nexus) creating...
2024-08-31 11:25:02 warn: [ Database ]: Database already exists. (nexus)
2024-08-31 11:25:02 info: [ Database ]: Updating database...
2024-08-31 11:25:06 info: [ Database ]: Database (nexus) creating...
2024-08-31 11:25:06 warn: [ Database ]: Database already exists. (nexus)
2024-08-31 11:25:06 info: [ Database ]: Updating database...
2024-08-31 11:25:06 info: [ Loaded ]: Database config
2024-08-31 11:25:06 info: [ Loaded ]: Express config
2024-08-31 11:25:06 info: [ Server ]: Server is started on 5006 port
2024-08-31 11:25:10 info: [ Database ]: Database (nexus) creating...
2024-08-31 11:25:10 warn: [ Database ]: Database already exists. (nexus)
2024-08-31 11:25:10 info: [ Database ]: Updating database...
2024-08-31 11:25:10 info: [ Loaded ]: Database config
2024-08-31 11:25:10 info: [ Loaded ]: Express config
2024-08-31 11:25:10 info: [ Server ]: Server is started on 5006 port
2024-08-31 11:25:13 info: [ Database ]: Database (nexus) creating...
2024-08-31 11:25:13 warn: [ Database ]: Database already exists. (nexus)
2024-08-31 11:25:13 info: [ Database ]: Updating database...
2024-08-31 11:25:13 info: [ Loaded ]: Database config
2024-08-31 11:25:14 info: [ Loaded ]: Express config
2024-08-31 11:25:14 info: [ Server ]: Server is started on 5006 port
2024-08-31 11:25:20 info: [ Database ]: Database (nexus) creating...
2024-08-31 11:25:20 warn: [ Database ]: Database already exists. (nexus)
2024-08-31 11:25:20 info: [ Database ]: Updating database...
2024-08-31 11:25:21 info: [ Loaded ]: Database config
2024-08-31 11:25:21 info: [ Loaded ]: Express config
2024-08-31 11:25:21 info: [ Server ]: Server is started on 5006 port
2024-08-31 11:25:29 info: [ Database ]: Database (nexus) creating...
2024-08-31 11:25:29 warn: [ Database ]: Database already exists. (nexus)
2024-08-31 11:25:29 info: [ Database ]: Updating database...
2024-08-31 11:25:29 info: [ Loaded ]: Database config
2024-08-31 11:25:29 info: [ Loaded ]: Express config
2024-08-31 11:25:29 info: [ Server ]: Server is started on 5006 port
