2024-11-06 21:32:31 info: [ Database ]: Database (fiverscan) creating...
2024-11-06 21:32:31 warn: [ Database ]: Database already exists. (fiverscan)
2024-11-06 21:32:31 info: [ Database ]: Updating database...
2024-11-06 21:32:31 info: [ Loaded ]: Database config
2024-11-06 21:32:32 info: [ Loaded ]: Express config
2024-11-06 21:32:32 info: [ Server ]: Server is started on 5006 port
2024-11-06 21:39:04 info: [ Database ]: Database (fiverscan) creating...
2024-11-06 21:39:04 warn: [ Database ]: Database already exists. (fiverscan)
2024-11-06 21:39:04 info: [ Database ]: Updating database...
2024-11-06 21:39:04 info: [ Loaded ]: Database config
2024-11-06 21:39:05 info: [ Loaded ]: Express config
2024-11-06 21:39:05 info: [ Server ]: Server is started on 5006 port
2024-11-06 21:44:57 info: [ Database ]: Database (fiverscan) creating...
2024-11-06 21:44:57 warn: [ Database ]: Database already exists. (fiverscan)
2024-11-06 21:44:57 info: [ Database ]: Updating database...
2024-11-06 21:44:57 info: [ Loaded ]: Database config
2024-11-06 21:44:57 info: [ Loaded ]: Express config
2024-11-06 21:44:57 info: [ Server ]: Server is started on 5006 port
2024-11-06 21:45:07 info: [ Database ]: Database (fiverscan) creating...
2024-11-06 21:45:07 warn: [ Database ]: Database already exists. (fiverscan)
2024-11-06 21:45:07 info: [ Database ]: Updating database...
2024-11-06 21:45:07 info: [ Loaded ]: Database config
2024-11-06 21:45:07 info: [ Loaded ]: Express config
2024-11-06 21:45:07 info: [ Server ]: Server is started on 5006 port
2024-11-06 21:45:19 info: [ Database ]: Database (fiverscan) creating...
2024-11-06 21:45:19 warn: [ Database ]: Database already exists. (fiverscan)
2024-11-06 21:45:19 info: [ Database ]: Updating database...
2024-11-06 21:45:19 info: [ Loaded ]: Database config
2024-11-06 21:45:20 info: [ Loaded ]: Express config
2024-11-06 21:45:20 info: [ Server ]: Server is started on 5006 port
